<?xml version="1.0" encoding="UTF-8"?>
<!-- Generated by org.testng.reporters.JUnitXMLReporter -->
<testsuite ignored="0" hostname="DESKTOP-08CH1QI" failures="0" tests="3" name="Default test" time="25.222" errors="0" timestamp="2022-11-08T23:19:01 IST">
  <testcase classname="tests.DeletCustomer" name="deletCustomerTab" time="0.327"/>
  <testcase classname="tests.DeletCustomer" name="customerIdTab" time="6.316"/>
  <testcase classname="tests.DeletCustomer" name="submitbutton" time="3.111"/>
</testsuite> <!-- Default test -->
