<?xml version="1.0" encoding="UTF-8"?>
<testng-results ignored="0" total="3" passed="3" failed="0" skipped="0">
  <reporter-output>
  </reporter-output>
  <suite started-at="2022-11-08T23:18:36 IST" name="Default suite" finished-at="2022-11-08T23:19:01 IST" duration-ms="25222">
    <groups>
    </groups>
    <test started-at="2022-11-08T23:18:36 IST" name="Default test" finished-at="2022-11-08T23:19:01 IST" duration-ms="25222">
      <class name="tests.DeletCustomer">
        <test-method is-config="true" signature="initBrowser()[pri:0, instance:tests.DeletCustomer@293a5bf6]" started-at="2022-11-08T23:18:36 IST" name="initBrowser" finished-at="2022-11-08T23:18:51 IST" duration-ms="14973" status="PASS">
          <reporter-output>
          </reporter-output>
        </test-method> <!-- initBrowser -->
        <test-method signature="deletCustomerTab()[pri:1, instance:tests.DeletCustomer@293a5bf6]" started-at="2022-11-08T23:18:51 IST" name="deletCustomerTab" finished-at="2022-11-08T23:18:52 IST" duration-ms="327" status="PASS">
          <reporter-output>
          </reporter-output>
        </test-method> <!-- deletCustomerTab -->
        <test-method signature="customerIdTab()[pri:2, instance:tests.DeletCustomer@293a5bf6]" started-at="2022-11-08T23:18:52 IST" name="customerIdTab" finished-at="2022-11-08T23:18:58 IST" duration-ms="6316" status="PASS">
          <reporter-output>
          </reporter-output>
        </test-method> <!-- customerIdTab -->
        <test-method signature="submitbutton()[pri:3, instance:tests.DeletCustomer@293a5bf6]" started-at="2022-11-08T23:18:58 IST" name="submitbutton" finished-at="2022-11-08T23:19:01 IST" duration-ms="3111" status="PASS">
          <reporter-output>
          </reporter-output>
        </test-method> <!-- submitbutton -->
        <test-method is-config="true" signature="tearDown()[pri:0, instance:tests.DeletCustomer@293a5bf6]" started-at="2022-11-08T23:19:01 IST" name="tearDown" finished-at="2022-11-08T23:19:01 IST" duration-ms="406" status="PASS">
          <reporter-output>
          </reporter-output>
        </test-method> <!-- tearDown -->
      </class> <!-- tests.DeletCustomer -->
    </test> <!-- Default test -->
  </suite> <!-- Default suite -->
</testng-results>
